<?xml version="1.0" encoding="UTF-8"?>
<testsuite xmlns:xsi="http://www.w3.org/2001/XMLSchema-instance" xsi:noNamespaceSchemaLocation="https://maven.apache.org/surefire/maven-surefire-plugin/xsd/surefire-test-report-3.0.xsd" version="3.0" name="TestMovieFileReader$firstNestedClass" time="0.043" tests="7" errors="0" skipped="0" failures="0">
  <properties>
    <property name="sun.desktop" value="windows"/>
    <property name="awt.toolkit" value="sun.awt.windows.WToolkit"/>
    <property name="java.specification.version" value="11"/>
    <property name="sun.cpu.isalist" value="amd64"/>
    <property name="sun.jnu.encoding" value="Cp1252"/>
    <property name="java.class.path" value="C:\Users\mahan\OneDrive - UBC\Desktop\CineLoca\CineLoca\CineLoca\target\test-classes;C:\Users\mahan\OneDrive - UBC\Desktop\CineLoca\CineLoca\CineLoca\target\classes;C:\Users\mahan\.m2\repository\org\junit\jupiter\junit-jupiter-api\5.13.1\junit-jupiter-api-5.13.1.jar;C:\Users\mahan\.m2\repository\org\opentest4j\opentest4j\1.3.0\opentest4j-1.3.0.jar;C:\Users\mahan\.m2\repository\org\junit\platform\junit-platform-commons\1.13.1\junit-platform-commons-1.13.1.jar;C:\Users\mahan\.m2\repository\org\apiguardian\apiguardian-api\1.1.2\apiguardian-api-1.1.2.jar;C:\Users\mahan\.m2\repository\org\junit\jupiter\junit-jupiter-engine\5.13.1\junit-jupiter-engine-5.13.1.jar;C:\Users\mahan\.m2\repository\org\junit\platform\junit-platform-engine\1.13.1\junit-platform-engine-1.13.1.jar;C:\Users\mahan\.m2\repository\org\junit\vintage\junit-vintage-engine\5.13.1\junit-vintage-engine-5.13.1.jar;C:\Users\mahan\.m2\repository\junit\junit\4.13.2\junit-4.13.2.jar;C:\Users\mahan\.m2\repository\org\hamcrest\hamcrest-core\1.3\hamcrest-core-1.3.jar;C:\Users\mahan\.m2\repository\com\opencsv\opencsv\5.11.1\opencsv-5.11.1.jar;C:\Users\mahan\.m2\repository\org\apache\commons\commons-lang3\3.17.0\commons-lang3-3.17.0.jar;C:\Users\mahan\.m2\repository\org\apache\commons\commons-text\1.13.1\commons-text-1.13.1.jar;C:\Users\mahan\.m2\repository\commons-beanutils\commons-beanutils\1.11.0\commons-beanutils-1.11.0.jar;C:\Users\mahan\.m2\repository\commons-logging\commons-logging\1.3.5\commons-logging-1.3.5.jar;C:\Users\mahan\.m2\repository\commons-collections\commons-collections\3.2.2\commons-collections-3.2.2.jar;C:\Users\mahan\.m2\repository\org\apache\commons\commons-collections4\4.5.0\commons-collections4-4.5.0.jar;C:\Users\mahan\.m2\repository\com\formdev\flatlaf\3.6\flatlaf-3.6.jar;C:\Users\mahan\.m2\repository\com\miglayout\miglayout-swing\11.4.2\miglayout-swing-11.4.2.jar;C:\Users\mahan\.m2\repository\com\miglayout\miglayout-core\11.4.2\miglayout-core-11.4.2.jar;C:\Users\mahan\.m2\repository\org\netbeans\api\org-openide-awt\RELEASE200\org-openide-awt-RELEASE200.jar;C:\Users\mahan\.m2\repository\org\netbeans\api\org-netbeans-api-annotations-common\RELEASE200\org-netbeans-api-annotations-common-RELEASE200.jar;C:\Users\mahan\.m2\repository\org\netbeans\api\org-openide-filesystems\RELEASE200\org-openide-filesystems-RELEASE200.jar;C:\Users\mahan\.m2\repository\org\netbeans\api\org-openide-util-ui\RELEASE200\org-openide-util-ui-RELEASE200.jar;C:\Users\mahan\.m2\repository\org\netbeans\api\org-openide-util\RELEASE200\org-openide-util-RELEASE200.jar;C:\Users\mahan\.m2\repository\org\netbeans\api\org-openide-util-lookup\RELEASE200\org-openide-util-lookup-RELEASE200.jar;"/>
    <property name="java.vm.vendor" value="Eclipse Adoptium"/>
    <property name="sun.arch.data.model" value="64"/>
    <property name="user.variant" value=""/>
    <property name="java.vendor.url" value="https://adoptium.net/"/>
    <property name="user.timezone" value="America/Vancouver"/>
    <property name="java.vm.specification.version" value="11"/>
    <property name="os.name" value="Windows 11"/>
    <property name="sun.java.launcher" value="SUN_STANDARD"/>
    <property name="user.country" value="CA"/>
    <property name="sun.boot.library.path" value="C:\Program Files\Eclipse Adoptium\jdk-11.0.25.9-hotspot\bin"/>
    <property name="sun.java.command" value="C:\Users\mahan\AppData\Local\Temp\surefire10346493742882439972\surefirebooter-20250818202336248_3.jar C:\Users\mahan\AppData\Local\Temp\surefire10346493742882439972 2025-08-18T20-23-35_558-jvmRun1 surefire-20250818202336248_1tmp surefire_0-20250818202336248_2tmp"/>
    <property name="jdk.debug" value="release"/>
    <property name="surefire.test.class.path" value="C:\Users\mahan\OneDrive - UBC\Desktop\CineLoca\CineLoca\CineLoca\target\test-classes;C:\Users\mahan\OneDrive - UBC\Desktop\CineLoca\CineLoca\CineLoca\target\classes;C:\Users\mahan\.m2\repository\org\junit\jupiter\junit-jupiter-api\5.13.1\junit-jupiter-api-5.13.1.jar;C:\Users\mahan\.m2\repository\org\opentest4j\opentest4j\1.3.0\opentest4j-1.3.0.jar;C:\Users\mahan\.m2\repository\org\junit\platform\junit-platform-commons\1.13.1\junit-platform-commons-1.13.1.jar;C:\Users\mahan\.m2\repository\org\apiguardian\apiguardian-api\1.1.2\apiguardian-api-1.1.2.jar;C:\Users\mahan\.m2\repository\org\junit\jupiter\junit-jupiter-engine\5.13.1\junit-jupiter-engine-5.13.1.jar;C:\Users\mahan\.m2\repository\org\junit\platform\junit-platform-engine\1.13.1\junit-platform-engine-1.13.1.jar;C:\Users\mahan\.m2\repository\org\junit\vintage\junit-vintage-engine\5.13.1\junit-vintage-engine-5.13.1.jar;C:\Users\mahan\.m2\repository\junit\junit\4.13.2\junit-4.13.2.jar;C:\Users\mahan\.m2\repository\org\hamcrest\hamcrest-core\1.3\hamcrest-core-1.3.jar;C:\Users\mahan\.m2\repository\com\opencsv\opencsv\5.11.1\opencsv-5.11.1.jar;C:\Users\mahan\.m2\repository\org\apache\commons\commons-lang3\3.17.0\commons-lang3-3.17.0.jar;C:\Users\mahan\.m2\repository\org\apache\commons\commons-text\1.13.1\commons-text-1.13.1.jar;C:\Users\mahan\.m2\repository\commons-beanutils\commons-beanutils\1.11.0\commons-beanutils-1.11.0.jar;C:\Users\mahan\.m2\repository\commons-logging\commons-logging\1.3.5\commons-logging-1.3.5.jar;C:\Users\mahan\.m2\repository\commons-collections\commons-collections\3.2.2\commons-collections-3.2.2.jar;C:\Users\mahan\.m2\repository\org\apache\commons\commons-collections4\4.5.0\commons-collections4-4.5.0.jar;C:\Users\mahan\.m2\repository\com\formdev\flatlaf\3.6\flatlaf-3.6.jar;C:\Users\mahan\.m2\repository\com\miglayout\miglayout-swing\11.4.2\miglayout-swing-11.4.2.jar;C:\Users\mahan\.m2\repository\com\miglayout\miglayout-core\11.4.2\miglayout-core-11.4.2.jar;C:\Users\mahan\.m2\repository\org\netbeans\api\org-openide-awt\RELEASE200\org-openide-awt-RELEASE200.jar;C:\Users\mahan\.m2\repository\org\netbeans\api\org-netbeans-api-annotations-common\RELEASE200\org-netbeans-api-annotations-common-RELEASE200.jar;C:\Users\mahan\.m2\repository\org\netbeans\api\org-openide-filesystems\RELEASE200\org-openide-filesystems-RELEASE200.jar;C:\Users\mahan\.m2\repository\org\netbeans\api\org-openide-util-ui\RELEASE200\org-openide-util-ui-RELEASE200.jar;C:\Users\mahan\.m2\repository\org\netbeans\api\org-openide-util\RELEASE200\org-openide-util-RELEASE200.jar;C:\Users\mahan\.m2\repository\org\netbeans\api\org-openide-util-lookup\RELEASE200\org-openide-util-lookup-RELEASE200.jar;"/>
    <property name="sun.cpu.endian" value="little"/>
    <property name="user.home" value="C:\Users\mahan"/>
    <property name="user.language" value="en"/>
    <property name="java.specification.vendor" value="Oracle Corporation"/>
    <property name="java.version.date" value="2024-10-15"/>
    <property name="java.home" value="C:\Program Files\Eclipse Adoptium\jdk-11.0.25.9-hotspot"/>
    <property name="file.separator" value="\"/>
    <property name="basedir" value="C:\Users\mahan\OneDrive - UBC\Desktop\CineLoca\CineLoca\CineLoca"/>
    <property name="java.vm.compressedOopsMode" value="Zero based"/>
    <property name="line.separator" value="&#10;"/>
    <property name="java.specification.name" value="Java Platform API Specification"/>
    <property name="java.vm.specification.vendor" value="Oracle Corporation"/>
    <property name="java.awt.graphicsenv" value="sun.awt.Win32GraphicsEnvironment"/>
    <property name="surefire.real.class.path" value="C:\Users\mahan\AppData\Local\Temp\surefire10346493742882439972\surefirebooter-20250818202336248_3.jar"/>
    <property name="user.script" value=""/>
    <property name="sun.management.compiler" value="HotSpot 64-Bit Tiered Compilers"/>
    <property name="java.runtime.version" value="11.0.25+9"/>
    <property name="user.name" value="mahan"/>
    <property name="path.separator" value=";"/>
    <property name="os.version" value="10.0"/>
    <property name="java.runtime.name" value="OpenJDK Runtime Environment"/>
    <property name="file.encoding" value="Cp1252"/>
    <property name="java.vm.name" value="OpenJDK 64-Bit Server VM"/>
    <property name="java.vendor.version" value="Temurin-11.0.25+9"/>
    <property name="localRepository" value="C:\Users\mahan\.m2\repository"/>
    <property name="java.vendor.url.bug" value="https://github.com/adoptium/adoptium-support/issues"/>
    <property name="java.io.tmpdir" value="C:\Users\mahan\AppData\Local\Temp\"/>
    <property name="java.version" value="11.0.25"/>
    <property name="user.dir" value="C:\Users\mahan\OneDrive - UBC\Desktop\CineLoca\CineLoca\CineLoca"/>
    <property name="os.arch" value="amd64"/>
    <property name="java.vm.specification.name" value="Java Virtual Machine Specification"/>
    <property name="java.awt.printerjob" value="sun.awt.windows.WPrinterJob"/>
    <property name="sun.os.patch.level" value=""/>
    <property name="java.library.path" value="C:\Program Files\Eclipse Adoptium\jdk-11.0.25.9-hotspot\bin;C:\WINDOWS\Sun\Java\bin;C:\WINDOWS\system32;C:\WINDOWS;C:\Program Files\Eclipse Adoptium\jdk-11.0.25.9-hotspot\bin;C:\Program Files\Common Files\Oracle\Java\javapath;C:\Windows\system32;C:\Windows;C:\Windows\System32\Wbem;C:\Windows\System32\WindowsPowerShell\v1.0\;C:\Windows\System32\OpenSSH\;C:\Program Files (x86)\NVIDIA Corporation\PhysX\Common;C:\Program Files\NVIDIA Corporation\NVIDIA NvDLISR;C:\Program Files\Intel\WiFi\bin\;C:\Program Files\Common Files\Intel\WirelessCommon\;C:\WINDOWS\system32;C:\WINDOWS;C:\WINDOWS\System32\Wbem;C:\WINDOWS\System32\WindowsPowerShell\v1.0\;C:\WINDOWS\System32\OpenSSH\;C:\Program Files\dotnet\;C:\Program Files\Git\cmd;D:\Jalview\bin;C:\Users\mahan\AppData\Local\Programs\Python\Python313\Scripts\;C:\Users\mahan\AppData\Local\Programs\Python\Python313\;C:\Users\mahan\AppData\Local\Microsoft\WindowsApps;D:\LaTex\miktex\bin\x64\;C:\Users\mahan\AppData\Local\Programs\Microsoft VS Code\bin;C:\msys64\ucrt64\bin;D:\apache-maven-3.9.10\bin;;."/>
    <property name="java.vm.info" value="mixed mode"/>
    <property name="java.vendor" value="Eclipse Adoptium"/>
    <property name="java.vm.version" value="11.0.25+9"/>
    <property name="java.specification.maintenance.version" value="3"/>
    <property name="sun.io.unicode.encoding" value="UnicodeLittle"/>
    <property name="java.class.version" value="55.0"/>
  </properties>
  <testcase name="testFilePathInsteadofDirectoryPath" classname="TestMovieFileReader" time="0.004"/>
  <testcase name="testDirectoryPathDoesNotExist" classname="TestMovieFileReader" time="0.002"/>
  <testcase name="testAddFilePathsToCollectionFileNameWithNoMovieID" classname="TestMovieFileReader$firstNestedClass" time="0.006"/>
  <testcase name="testAddImagePathToCollectionValid" classname="TestMovieFileReader$firstNestedClass" time="0.006"/>
  <testcase name="testAddFilePathsToCollectionAllValidMovies" classname="TestMovieFileReader$firstNestedClass" time="0.005"/>
  <testcase name="testAddFilePathsToCollectionMovieIDNotInCollection" classname="TestMovieFileReader$firstNestedClass" time="0.008"/>
  <testcase name="testConstructor" classname="TestMovieFileReader$firstNestedClass" time="0.007"/>
</testsuite>